<?xml version="1.0" encoding="UTF-8"?>
<testng-results skipped="0" failed="0" ignored="0" total="1" passed="1">
  <reporter-output>
  </reporter-output>
  <suite name="search-module" duration-ms="6032" started-at="2023-06-06T08:32:20Z" finished-at="2023-06-06T08:32:26Z">
    <groups>
    </groups>
    <test name="search-test" duration-ms="6032" started-at="2023-06-06T08:32:20Z" finished-at="2023-06-06T08:32:26Z">
      <class name="searchmodule.tests.SearchTest">
        <test-method status="PASS" signature="setupDriver()[pri:0, instance:searchmodule.tests.SearchTest@23223dd8]" name="setupDriver" is-config="true" duration-ms="1744" started-at="2023-06-06T08:32:20Z" finished-at="2023-06-06T08:32:22Z">
          <reporter-output>
          </reporter-output>
        </test-method> <!-- setupDriver -->
        <test-method status="PASS" signature="search()[pri:0, instance:searchmodule.tests.SearchTest@23223dd8]" name="search" duration-ms="3321" started-at="2023-06-06T08:32:22Z" finished-at="2023-06-06T08:32:25Z">
          <reporter-output>
          </reporter-output>
        </test-method> <!-- search -->
        <test-method status="PASS" signature="quitDriver()[pri:0, instance:searchmodule.tests.SearchTest@23223dd8]" name="quitDriver" is-config="true" duration-ms="958" started-at="2023-06-06T08:32:25Z" finished-at="2023-06-06T08:32:26Z">
          <reporter-output>
          </reporter-output>
        </test-method> <!-- quitDriver -->
      </class> <!-- searchmodule.tests.SearchTest -->
    </test> <!-- search-test -->
  </suite> <!-- search-module -->
</testng-results>
